Sim: 0 [EventEngine.EventDriver]  
	Simulation Start Time: Fri Sep 25 17:15:45 EDT 2009
	Parameter file: Misc/params.osp

	Legend:
	  Thread(X:Y/S) means: thread X of task Y, status=S
	  Task(X/S) means: task X, status=S
	  Page(X:Y/Z) means: page X of task Y in frame Z
	  Openfile(X:Y/Z) means: open file X of task Y on device Z
	  Port(X:Y/S) means: port X of task Y has status S
	Status code abbreviations:
	  RD(ThreadReady), RU(ThreadRunning),
	  Wn(ThreadWaiting, n=waitlevel), KL(ThreadKill)
	  L(TaskLive), T(TaskTerm), NN(NONE)
	  L(PortLive), D(PortDestroyed), NN(NONE)


Sim: 0 [IFLModules.ResourceCB]  
	Deadlock handling mode: Detection
Sim: 0 [IFLModules.TaskCB]  
	Entering create()
Sim: 0 [IFLModules.FileSys]  
	Creating file: create(/vm/1,65536)
Mod: 0 [FileSys.FileSys]  
	Creating file: create(/vm/1,65536)
Mod: 0 [FileSys.FileSys]  
	New file size 64 blocks
Mod: 0 [FileSys.FileSys]  
	Inode(Id(0),Device(0),BlockCount(64),OpenCount(0),LinkCount(1))
	  File `/vm/1', blocksize=64 created on device 0
Sim: 0 [IFLModules.FileSys]  
	System call create(`/vm/1')  succeeded, as expected
Sim: 0 [IFLModules.OpenFile]  
	System call open(`/vm/1')
Sim: 0 [Tasks.TaskCB]  
	Adding Openfile(0:1/0) to the open files table of Task(1/L)
Mod: 0 [FileSys.OpenFile]  
	File `/vm/1' opened 1 times
Sim: 0 [IFLModules.OpenFile]  
	File `/vm/1' opened as Openfile(0:1/0)
Sim: 0 [IFLModules.FileSys]  
	System call open(`/vm/1')  succeeded, as expected
Sim: 0 [IFLModules.ThreadCB]  
	Trying to create new thread for Task(1/L)
Mod: 0 [Threads.ThreadCB]  
	Created Thread(0:null/NN)
Mod: 0 [Threads.ThreadCB]  
	Successfully added Thread(0:1/RD) to Task(1/L)
Sim: 0 [IFLModules.ThreadCB]  
	Created new thread Thread(0:1/RD)
Sim: 0 [IFLModules.ThreadCB]  
	Entering dispatch(); current running thread is null
Mod: 0 [Threads.ThreadCB]  
	Dispatching Thread(0:1/RU)
Sim: 0 [IFLModules.ThreadCB]  
	Dispatching Thread(0:1/RU)
Sim: 0 [IFLModules.ThreadCB]  
	Leaving dispatch()
Sim: 11 [IFLModules.FileSys]  
	System call delete(`/etc/go/Oh,my/go')
Mod: 11 [FileSys.FileSys]  
	File `/etc/go/Oh,my/go' doesn't exist -- cannot delete
Sim: 11 [IFLModules.FileSys]  
	System call delete(`/etc/go/Oh,my/go')  failed, as expected
Sim: 18 [IFLModules.MMU]  
	Call: MMU.refer(Address(12617),MemoryWrite,Thread(0:1/RU))
	  [Page(12:1/null),null,ValidFlag(OSP)=false,ValidFlag(Student)=false,ValidatingThread=null]
Mod: 18 [Memory.MMU]  
	Referencing main memory address 12617, Page(12:1/null), MemoryWrite
Mod: 18 [Memory.MMU]  
	Page(12:1/null) is invalid
Sim: 18 [IFLModules.PageFaultHandler]  
	Pagefault handler entered for: Page(12:1/null),MemoryWrite,Thread(0:1/RU)
Mod: 18 [Memory.PageFaultHandler]  
	Entering do_handlePageFault(): Thread(0:1/RU),MemoryWrite,Page(12:1/null); validating thread=Thread(0:1/RU)
Sim: 18 [Threads.ThreadCB]  
	Entering suspend(Thread(0:1/RU),SystemEvent(PageFault))
Mod: 18 [Threads.ThreadCB]  
	Entering suspend(Thread(0:1/RU),SystemEvent(PageFault))
Sim: 18 [Threads.ThreadCB]  
	Leaving suspend(Thread(0:1/W0),SystemEvent(PageFault))
Mod: 18 [Memory.PageFaultHandler]  
	Looking for free frame
Mod: 18 [Memory.PageFaultHandler]  
	Found free Frame(0), which is unlocked, not reserved, and clean
Mod: 18 [Memory.PageFaultHandler]  
	Thread(0:1/W0) is reserving Frame(0)
Sim: 18 [Memory.FrameTableEntry]  
	Task(1/L) is reserving free Frame(0)
Sim: 18 [Memory.PageTableEntry]  
	Setting validating thread for Page(12:1/null) to Thread(0:1/W0)
Sim: 18 [Memory.FrameTableEntry]  
	Setting page of Frame(0) to Page(12:1/0)
Mod: 18 [Memory.PageFaultHandler]  
	Swapping in Page(12:1/0) for Thread(0:1/W0)
Sim: 18 [FileSys.OpenFile]  
	System call read(Openfile(0:1/0),Block(12),Page(12:1/0),Thread(0:1/W0))
Sim: 18 [Threads.ThreadCB]  
	Entering suspend(Thread(0:1/W0),SystemEvent(FileRead))
Mod: 18 [Threads.ThreadCB]  
	Entering suspend(Thread(0:1/W0),SystemEvent(FileRead))
Sim: 18 [Threads.ThreadCB]  
	Leaving suspend(Thread(0:1/W1),SystemEvent(FileRead))
Mod: 18 [FileSys.OpenFile]  
	Creating IORB(Id(0),Device(0),Page(12:1/0),Diskblock(12),FileRead,Openfile(0:1/0),Thread(0:1/W1))
Sim: 18 [Hardware.Disk]  
	Enqueueing IORB(Id(0),Device(0),Page(12:1/0),Diskblock(12),FileRead,Openfile(0:1/0),Thread(0:1/W1))
Sim: 18 [Hardware.Disk]  
	Thread(0:1/W1) requests to enqueue IORB(Id(0),Device(0),Page(12:1/0),Diskblock(12),FileRead,Openfile(0:1/0),Thread(0:1/W1))
Mod: 18 [Hardware.Disk]  
	Entering do_enqueueIORB for IORB(Id(0),Device(0),Page(12:1/0),Diskblock(12),FileRead,Openfile(0:1/0),Thread(0:1/W1))
	Locking Page(12:1/0)
Sim: 18 [Memory.PageTableEntry]  
	Entering lock(Page(12:1/0),IORB(Id(0),Device(0),Page(12:1/0),Diskblock(12),FileRead,Openfile(0:1/0),Thread(0:1/W1)))
Mod: 18 [Memory.PageTableEntry]  
	Entering do_lock(Page(12:1/0),IORB(Id(0),Device(0),Page(12:1/0),Diskblock(12),FileRead,Openfile(0:1/0),Thread(0:1/W1)))
Mod: 18 [Memory.PageTableEntry]  
	Locking Page(12:1/0) by Thread(0:1/W1)
	  This thread has already caused Page(12:1/0) to pagefault
	  No need to create a pagefault again -- returning immediately
Mod: 18 [Memory.PageTableEntry]  
	Leaving do_lock(Page(12:1/0),IORB(Id(0),Device(0),Page(12:1/0),Diskblock(12),FileRead,Openfile(0:1/0),Thread(0:1/W1)))
Sim: 18 [Memory.PageTableEntry]  
	Leaving lock(Page(12:1/0),IORB(Id(0),Device(0),Page(12:1/0),Diskblock(12),FileRead,Openfile(0:1/0),Thread(0:1/W1)))
Mod: 18 [Hardware.Disk]  
	Device 0 is idle -- starting IORB(Id(0),Device(0),Page(12:1/0),Diskblock(12),FileRead,Openfile(0:1/0),Thread(0:1/W1))
Sim: 18 [Hardware.Disk]  
	Starting I/O for IORB 0, which will take 45 ticks
	  IORB(Id(0),Device(0),Page(12:1/0),Diskblock(12),FileRead,Openfile(0:1/0),Thread(0:1/W1))
Sim: 18 [Hardware.Disk]  
	After enqueueing IORB(Id(0),Device(0),Page(12:1/0),Diskblock(12),FileRead,Openfile(0:1/0),Thread(0:1/W1)):
	  Incrementing IORB count for Openfile(0:1/0) iorbCount = 1, the OSP value = 0
Sim: 18 [Hardware.Disk]  
	Leaving enqueueIORB(IORB(Id(0),Device(0),Page(12:1/0),Diskblock(12),FileRead,Openfile(0:1/0),Thread(0:1/W1)))
Mod: 18 [FileSys.OpenFile]  
	Thread(0:1/W1) is suspended on IORB(Id(0),Device(0),Page(12:1/0),Diskblock(12),FileRead,Openfile(0:1/0),Thread(0:1/W1))
Sim: 18 [Threads.ThreadCB]  
	Entering suspend(Thread(0:1/W1),IORB(Id(0),Device(0),Page(12:1/0),Diskblock(12),FileRead,Openfile(0:1/0),Thread(0:1/W1)))
Mod: 18 [Threads.ThreadCB]  
	Entering suspend(Thread(0:1/W1),IORB(Id(0),Device(0),Page(12:1/0),Diskblock(12),FileRead,Openfile(0:1/0),Thread(0:1/W1)))
Sim: 18 [IFLModules.ThreadCB]  
	Entering dispatch(); current running thread is null
Mod: 18 [Threads.ThreadCB]  
	Can't find suitable thread to dispatch
Sim: 18 [IFLModules.ThreadCB]  
	After do_dispatch(): CPU is idle and the ready queue is empty
Sim: 18 [IFLModules.ThreadCB]  
	Leaving dispatch()
Sim: 63 [d.c]  
	Disk interrupt for IORB(Id(0),Device(0),Page(12:1/0),Diskblock(12),FileRead,Openfile(0:1/0),Thread(0:1/W2))
Mod: 63 [d.c]  
	Entering do_handleInterrupt()
Mod: 63 [d.c]  
	Disk I/O for IORB(Id(0),Device(0),Page(12:1/0),Diskblock(12),FileRead,Openfile(0:1/0),Thread(0:1/W2)) completes
Sim: 63 [Memory.PageTableEntry]  
	Unlocking Page(12:1/0). New lock count: 0
Sim: 63 [Threads.ThreadCB]  
	Entering resume(Thread(0:1/W2))
Mod: 63 [Threads.ThreadCB]  
	Resuming Thread(0:1/W2)
Sim: 63 [Threads.ThreadCB]  
	Leaving resume(Thread(0:1/W1))
Mod: 63 [Hardware.Disk]  
	Device(0) has no pending IORBs to dequeue
Mod: 63 [d.c]  
	Leaving do_handleInterrupt()
Sim: 63 [d.c]  
	After handling disk interrupt for IORB(Id(0),Device(0),Page(12:1/0),Diskblock(12),FileRead,Openfile(0:1/0),Thread(0:1/W1)):
	  Decrementing IORB count for Openfile(0:1/0) iorbCount = 0, the OSP value = 0
Sim: 63 [d.c]  
	Leaving handleInterrupt()
Sim: 63 [Threads.ThreadCB]  
	Leaving suspend(Thread(0:1/W1),IORB(Id(0),Device(0),Page(12:1/0),Diskblock(12),FileRead,Openfile(0:1/0),Thread(0:1/W1)))
Mod: 63 [FileSys.OpenFile]  
	Thread(0:1/W1) is resumed after IORB(Id(0),Device(0),Page(12:1/0),Diskblock(12),FileRead,Openfile(0:1/0),Thread(0:1/W1)) has been processed
Sim: 63 [Threads.ThreadCB]  
	Entering resume(Thread(0:1/W1))
Mod: 63 [Threads.ThreadCB]  
	Resuming Thread(0:1/W1)
Sim: 63 [Threads.ThreadCB]  
	Leaving resume(Thread(0:1/W0))
Sim: 63 [IFLModules.FileSys]  
	System call read(Openfile(0:1/0),Device(0),Thread(0:1/W0)) succeeded, as expected
Mod: 63 [Memory.PageFaultHandler]  
	Swap-in completes for Thread(0:1/W0), Page(12:1/0)
Sim: 63 [Memory.PageTableEntry]  
	Page(12:1/0) becomes valid
Mod: 63 [Memory.PageFaultHandler]  
	Prepaging Page(0:1/null) for Thread(0:1/W0)
Mod: 63 [Memory.PageFaultHandler]  
	Looking for free frame
Mod: 63 [Memory.PageFaultHandler]  
	Found free Frame(1), which is unlocked, not reserved, and clean
Sim: 63 [Memory.PageTableEntry]  
	Setting validating thread for Page(0:1/null) to Thread(0:1/W0)
Sim: 63 [Memory.FrameTableEntry]  
	Task(1/L) is reserving free Frame(1)
Sim: 63 [Memory.FrameTableEntry]  
	Setting page of Frame(1) to Page(0:1/1)
Mod: 63 [Memory.PageFaultHandler]  
	Swapping in Page(0:1/1) for Thread(0:1/W0)
Sim: 63 [FileSys.OpenFile]  
	System call read(Openfile(0:1/0),Block(0),Page(0:1/1),Thread(0:1/W0))
Sim: 63 [Threads.ThreadCB]  
	Entering suspend(Thread(0:1/W0),SystemEvent(FileRead))
Mod: 63 [Threads.ThreadCB]  
	Entering suspend(Thread(0:1/W0),SystemEvent(FileRead))
Sim: 63 [Threads.ThreadCB]  
	Leaving suspend(Thread(0:1/W1),SystemEvent(FileRead))
Mod: 63 [FileSys.OpenFile]  
	Creating IORB(Id(1),Device(0),Page(0:1/1),Diskblock(0),FileRead,Openfile(0:1/0),Thread(0:1/W1))
Sim: 63 [Hardware.Disk]  
	Enqueueing IORB(Id(1),Device(0),Page(0:1/1),Diskblock(0),FileRead,Openfile(0:1/0),Thread(0:1/W1))
Sim: 63 [Hardware.Disk]  
	Thread(0:1/W1) requests to enqueue IORB(Id(1),Device(0),Page(0:1/1),Diskblock(0),FileRead,Openfile(0:1/0),Thread(0:1/W1))
Mod: 63 [Hardware.Disk]  
	Entering do_enqueueIORB for IORB(Id(1),Device(0),Page(0:1/1),Diskblock(0),FileRead,Openfile(0:1/0),Thread(0:1/W1))
	Locking Page(0:1/1)
Sim: 63 [Memory.PageTableEntry]  
	Entering lock(Page(0:1/1),IORB(Id(1),Device(0),Page(0:1/1),Diskblock(0),FileRead,Openfile(0:1/0),Thread(0:1/W1)))
Mod: 63 [Memory.PageTableEntry]  
	Entering do_lock(Page(0:1/1),IORB(Id(1),Device(0),Page(0:1/1),Diskblock(0),FileRead,Openfile(0:1/0),Thread(0:1/W1)))
Mod: 63 [Memory.PageTableEntry]  
	Locking Page(0:1/1) by Thread(0:1/W1)
	  This thread has already caused Page(0:1/1) to pagefault
	  No need to create a pagefault again -- returning immediately
Mod: 63 [Memory.PageTableEntry]  
	Leaving do_lock(Page(0:1/1),IORB(Id(1),Device(0),Page(0:1/1),Diskblock(0),FileRead,Openfile(0:1/0),Thread(0:1/W1)))
Sim: 63 [Memory.PageTableEntry]  
	Leaving lock(Page(0:1/1),IORB(Id(1),Device(0),Page(0:1/1),Diskblock(0),FileRead,Openfile(0:1/0),Thread(0:1/W1)))
Mod: 63 [Hardware.Disk]  
	Device 0 is idle -- starting IORB(Id(1),Device(0),Page(0:1/1),Diskblock(0),FileRead,Openfile(0:1/0),Thread(0:1/W1))
Sim: 63 [Hardware.Disk]  
	Starting I/O for IORB 1, which will take 30 ticks
	  IORB(Id(1),Device(0),Page(0:1/1),Diskblock(0),FileRead,Openfile(0:1/0),Thread(0:1/W1))
Sim: 63 [Hardware.Disk]  
	After enqueueing IORB(Id(1),Device(0),Page(0:1/1),Diskblock(0),FileRead,Openfile(0:1/0),Thread(0:1/W1)):
	  Incrementing IORB count for Openfile(0:1/0) iorbCount = 1, the OSP value = 0
Sim: 63 [Hardware.Disk]  
	Leaving enqueueIORB(IORB(Id(1),Device(0),Page(0:1/1),Diskblock(0),FileRead,Openfile(0:1/0),Thread(0:1/W1)))
Mod: 63 [FileSys.OpenFile]  
	Thread(0:1/W1) is suspended on IORB(Id(1),Device(0),Page(0:1/1),Diskblock(0),FileRead,Openfile(0:1/0),Thread(0:1/W1))
Sim: 63 [Threads.ThreadCB]  
	Entering suspend(Thread(0:1/W1),IORB(Id(1),Device(0),Page(0:1/1),Diskblock(0),FileRead,Openfile(0:1/0),Thread(0:1/W1)))
Mod: 63 [Threads.ThreadCB]  
	Entering suspend(Thread(0:1/W1),IORB(Id(1),Device(0),Page(0:1/1),Diskblock(0),FileRead,Openfile(0:1/0),Thread(0:1/W1)))
Sim: 63 [IFLModules.ThreadCB]  
	Entering dispatch(); current running thread is null
Mod: 63 [Threads.ThreadCB]  
	Can't find suitable thread to dispatch
Sim: 63 [IFLModules.ThreadCB]  
	After do_dispatch(): CPU is idle and the ready queue is empty
Sim: 63 [IFLModules.ThreadCB]  
	Leaving dispatch()
Sim: 93 [d.c]  
	Disk interrupt for IORB(Id(1),Device(0),Page(0:1/1),Diskblock(0),FileRead,Openfile(0:1/0),Thread(0:1/W2))
Mod: 93 [d.c]  
	Entering do_handleInterrupt()
Mod: 93 [d.c]  
	Disk I/O for IORB(Id(1),Device(0),Page(0:1/1),Diskblock(0),FileRead,Openfile(0:1/0),Thread(0:1/W2)) completes
Sim: 93 [Memory.PageTableEntry]  
	Unlocking Page(0:1/1). New lock count: 0
Sim: 93 [Threads.ThreadCB]  
	Entering resume(Thread(0:1/W2))
Mod: 93 [Threads.ThreadCB]  
	Resuming Thread(0:1/W2)
Sim: 93 [Threads.ThreadCB]  
	Leaving resume(Thread(0:1/W1))
Mod: 93 [Hardware.Disk]  
	Device(0) has no pending IORBs to dequeue
Mod: 93 [d.c]  
	Leaving do_handleInterrupt()
Sim: 93 [d.c]  
	After handling disk interrupt for IORB(Id(1),Device(0),Page(0:1/1),Diskblock(0),FileRead,Openfile(0:1/0),Thread(0:1/W1)):
	  Decrementing IORB count for Openfile(0:1/0) iorbCount = 0, the OSP value = 0
Sim: 93 [d.c]  
	Leaving handleInterrupt()
Sim: 93 [Threads.ThreadCB]  
	Leaving suspend(Thread(0:1/W1),IORB(Id(1),Device(0),Page(0:1/1),Diskblock(0),FileRead,Openfile(0:1/0),Thread(0:1/W1)))
Mod: 93 [FileSys.OpenFile]  
	Thread(0:1/W1) is resumed after IORB(Id(1),Device(0),Page(0:1/1),Diskblock(0),FileRead,Openfile(0:1/0),Thread(0:1/W1)) has been processed
Sim: 93 [Threads.ThreadCB]  
	Entering resume(Thread(0:1/W1))
Mod: 93 [Threads.ThreadCB]  
	Resuming Thread(0:1/W1)
Sim: 93 [Threads.ThreadCB]  
	Leaving resume(Thread(0:1/W0))
Sim: 93 [IFLModules.FileSys]  
	System call read(Openfile(0:1/0),Device(0),Thread(0:1/W0)) succeeded, as expected
Mod: 93 [Memory.PageFaultHandler]  
	Swap-in completes for Thread(0:1/W0), Page(0:1/1)
Sim: 93 [Memory.PageTableEntry]  
	Page(0:1/1) becomes valid
Sim: 93 [Memory.FrameTableEntry]  
	Task(1/L) is unreserving Frame(1)
Sim: 93 [Memory.PageTableEntry]  
	Setting validating thread for Page(0:1/1) to null
Mod: 93 [Memory.PageFaultHandler]  
	Unreserving frame Frame(0)
Sim: 93 [Memory.FrameTableEntry]  
	Task(1/L) is unreserving Frame(0)
Sim: 93 [Memory.PageTableEntry]  
	Setting validating thread for Page(12:1/0) to null
Mod: 93 [Memory.PageFaultHandler]  
	Notifying threads that pagefault for Page(12:1/0) is finished
Mod: 93 [Memory.PageFaultHandler]  
	Leaving do_handlePageFault(Page(12:1/0)): SUCCESS
Sim: 93 [Threads.ThreadCB]  
	Entering resume(Thread(0:1/W0))
Mod: 93 [Threads.ThreadCB]  
	Resuming Thread(0:1/W0)
Sim: 93 [Threads.ThreadCB]  
	Leaving resume(Thread(0:1/RD))
Sim: 93 [IFLModules.PageFaultHandler]  
	Leaving handlePageFault(Thread(0:1/RD),MemoryWrite,Page(12:1/0))
Mod: 93 [Memory.MMU]  
	Page(12:1/0) is still valid after pagefault
Mod: 93 [Memory.MMU]  
	Leaving do_refer()
Sim: 93 [IFLModules.ThreadCB]  
	Entering dispatch(); current running thread is null
Mod: 93 [Threads.ThreadCB]  
	Dispatching Thread(0:1/RU)
Sim: 93 [IFLModules.ThreadCB]  
	Dispatching Thread(0:1/RU)
Sim: 93 [IFLModules.ThreadCB]  
	Leaving dispatch()
Sim: 165 [IFLModules.MMU]  
	Call: MMU.refer(Address(11301),MemoryRead,Thread(0:1/RU))
	  [Page(11:1/null),null,ValidFlag(OSP)=false,ValidFlag(Student)=false,ValidatingThread=null]
Mod: 165 [Memory.MMU]  
	Referencing main memory address 11301, Page(11:1/null), MemoryRead
Mod: 165 [Memory.MMU]  
	Page(11:1/null) is invalid
Sim: 165 [IFLModules.PageFaultHandler]  
	Pagefault handler entered for: Page(11:1/null),MemoryRead,Thread(0:1/RU)
Mod: 165 [Memory.PageFaultHandler]  
	Entering do_handlePageFault(): Thread(0:1/RU),MemoryRead,Page(11:1/null); validating thread=Thread(0:1/RU)
Sim: 165 [Threads.ThreadCB]  
	Entering suspend(Thread(0:1/RU),SystemEvent(PageFault))
Mod: 165 [Threads.ThreadCB]  
	Entering suspend(Thread(0:1/RU),SystemEvent(PageFault))
Sim: 165 [Threads.ThreadCB]  
	Leaving suspend(Thread(0:1/W0),SystemEvent(PageFault))
Mod: 165 [Memory.PageFaultHandler]  
	Looking for free frame
Mod: 165 [Memory.PageFaultHandler]  
	Found free Frame(2), which is unlocked, not reserved, and clean
Mod: 165 [Memory.PageFaultHandler]  
	Thread(0:1/W0) is reserving Frame(2)
Sim: 165 [Memory.FrameTableEntry]  
	Task(1/L) is reserving free Frame(2)
Sim: 165 [Memory.PageTableEntry]  
	Setting validating thread for Page(11:1/null) to Thread(0:1/W0)
Sim: 165 [Memory.FrameTableEntry]  
	Setting page of Frame(2) to Page(11:1/2)
Mod: 165 [Memory.PageFaultHandler]  
	Swapping in Page(11:1/2) for Thread(0:1/W0)
Sim: 165 [FileSys.OpenFile]  
	System call read(Openfile(0:1/0),Block(11),Page(11:1/2),Thread(0:1/W0))
Sim: 165 [Threads.ThreadCB]  
	Entering suspend(Thread(0:1/W0),SystemEvent(FileRead))
Mod: 165 [Threads.ThreadCB]  
	Entering suspend(Thread(0:1/W0),SystemEvent(FileRead))
Sim: 165 [Threads.ThreadCB]  
	Leaving suspend(Thread(0:1/W1),SystemEvent(FileRead))
Mod: 165 [FileSys.OpenFile]  
	Creating IORB(Id(2),Device(0),Page(11:1/2),Diskblock(11),FileRead,Openfile(0:1/0),Thread(0:1/W1))
Sim: 165 [Hardware.Disk]  
	Enqueueing IORB(Id(2),Device(0),Page(11:1/2),Diskblock(11),FileRead,Openfile(0:1/0),Thread(0:1/W1))
Sim: 165 [Hardware.Disk]  
	Thread(0:1/W1) requests to enqueue IORB(Id(2),Device(0),Page(11:1/2),Diskblock(11),FileRead,Openfile(0:1/0),Thread(0:1/W1))
Mod: 165 [Hardware.Disk]  
	Entering do_enqueueIORB for IORB(Id(2),Device(0),Page(11:1/2),Diskblock(11),FileRead,Openfile(0:1/0),Thread(0:1/W1))
	Locking Page(11:1/2)
Sim: 165 [Memory.PageTableEntry]  
	Entering lock(Page(11:1/2),IORB(Id(2),Device(0),Page(11:1/2),Diskblock(11),FileRead,Openfile(0:1/0),Thread(0:1/W1)))
Mod: 165 [Memory.PageTableEntry]  
	Entering do_lock(Page(11:1/2),IORB(Id(2),Device(0),Page(11:1/2),Diskblock(11),FileRead,Openfile(0:1/0),Thread(0:1/W1)))
Mod: 165 [Memory.PageTableEntry]  
	Locking Page(11:1/2) by Thread(0:1/W1)
	  This thread has already caused Page(11:1/2) to pagefault
	  No need to create a pagefault again -- returning immediately
Mod: 165 [Memory.PageTableEntry]  
	Leaving do_lock(Page(11:1/2),IORB(Id(2),Device(0),Page(11:1/2),Diskblock(11),FileRead,Openfile(0:1/0),Thread(0:1/W1)))
Sim: 165 [Memory.PageTableEntry]  
	Leaving lock(Page(11:1/2),IORB(Id(2),Device(0),Page(11:1/2),Diskblock(11),FileRead,Openfile(0:1/0),Thread(0:1/W1)))
Mod: 165 [Hardware.Disk]  
	Device 0 is idle -- starting IORB(Id(2),Device(0),Page(11:1/2),Diskblock(11),FileRead,Openfile(0:1/0),Thread(0:1/W1))
Sim: 165 [Hardware.Disk]  
	Starting I/O for IORB 2, which will take 30 ticks
	  IORB(Id(2),Device(0),Page(11:1/2),Diskblock(11),FileRead,Openfile(0:1/0),Thread(0:1/W1))
Sim: 165 [Hardware.Disk]  
	After enqueueing IORB(Id(2),Device(0),Page(11:1/2),Diskblock(11),FileRead,Openfile(0:1/0),Thread(0:1/W1)):
	  Incrementing IORB count for Openfile(0:1/0) iorbCount = 1, the OSP value = 0
Sim: 165 [Hardware.Disk]  
	Leaving enqueueIORB(IORB(Id(2),Device(0),Page(11:1/2),Diskblock(11),FileRead,Openfile(0:1/0),Thread(0:1/W1)))
Mod: 165 [FileSys.OpenFile]  
	Thread(0:1/W1) is suspended on IORB(Id(2),Device(0),Page(11:1/2),Diskblock(11),FileRead,Openfile(0:1/0),Thread(0:1/W1))
Sim: 165 [Threads.ThreadCB]  
	Entering suspend(Thread(0:1/W1),IORB(Id(2),Device(0),Page(11:1/2),Diskblock(11),FileRead,Openfile(0:1/0),Thread(0:1/W1)))
Mod: 165 [Threads.ThreadCB]  
	Entering suspend(Thread(0:1/W1),IORB(Id(2),Device(0),Page(11:1/2),Diskblock(11),FileRead,Openfile(0:1/0),Thread(0:1/W1)))
Sim: 165 [IFLModules.ThreadCB]  
	Entering dispatch(); current running thread is null
Mod: 165 [Threads.ThreadCB]  
	Can't find suitable thread to dispatch
Sim: 165 [IFLModules.ThreadCB]  
	After do_dispatch(): CPU is idle and the ready queue is empty
Sim: 165 [IFLModules.ThreadCB]  
	Leaving dispatch()
Sim: 195 [d.c]  
	Disk interrupt for IORB(Id(2),Device(0),Page(11:1/2),Diskblock(11),FileRead,Openfile(0:1/0),Thread(0:1/W2))
Mod: 195 [d.c]  
	Entering do_handleInterrupt()
Mod: 195 [d.c]  
	Disk I/O for IORB(Id(2),Device(0),Page(11:1/2),Diskblock(11),FileRead,Openfile(0:1/0),Thread(0:1/W2)) completes
Sim: 195 [Memory.PageTableEntry]  
	Unlocking Page(11:1/2). New lock count: 0
Sim: 195 [Threads.ThreadCB]  
	Entering resume(Thread(0:1/W2))
Mod: 195 [Threads.ThreadCB]  
	Resuming Thread(0:1/W2)
Sim: 195 [Threads.ThreadCB]  
	Leaving resume(Thread(0:1/W1))
Mod: 195 [Hardware.Disk]  
	Device(0) has no pending IORBs to dequeue
Mod: 195 [d.c]  
	Leaving do_handleInterrupt()
Sim: 195 [d.c]  
	After handling disk interrupt for IORB(Id(2),Device(0),Page(11:1/2),Diskblock(11),FileRead,Openfile(0:1/0),Thread(0:1/W1)):
	  Decrementing IORB count for Openfile(0:1/0) iorbCount = 0, the OSP value = 0
Sim: 195 [d.c]  
	Leaving handleInterrupt()
Sim: 195 [Threads.ThreadCB]  
	Leaving suspend(Thread(0:1/W1),IORB(Id(2),Device(0),Page(11:1/2),Diskblock(11),FileRead,Openfile(0:1/0),Thread(0:1/W1)))
Mod: 195 [FileSys.OpenFile]  
	Thread(0:1/W1) is resumed after IORB(Id(2),Device(0),Page(11:1/2),Diskblock(11),FileRead,Openfile(0:1/0),Thread(0:1/W1)) has been processed
Sim: 195 [Threads.ThreadCB]  
	Entering resume(Thread(0:1/W1))
Mod: 195 [Threads.ThreadCB]  
	Resuming Thread(0:1/W1)
Sim: 195 [Threads.ThreadCB]  
	Leaving resume(Thread(0:1/W0))
Sim: 195 [IFLModules.FileSys]  
	System call read(Openfile(0:1/0),Device(0),Thread(0:1/W0)) succeeded, as expected
Mod: 195 [Memory.PageFaultHandler]  
	Swap-in completes for Thread(0:1/W0), Page(11:1/2)
Sim: 195 [Memory.PageTableEntry]  
	Page(11:1/2) becomes valid
Mod: 195 [Memory.PageFaultHandler]  
	Prepaging Page(1:1/null) for Thread(0:1/W0)
Mod: 195 [Memory.PageFaultHandler]  
	Looking for free frame
Mod: 195 [Memory.PageFaultHandler]  
	Found free Frame(3), which is unlocked, not reserved, and clean
Sim: 195 [Memory.PageTableEntry]  
	Setting validating thread for Page(1:1/null) to Thread(0:1/W0)
Sim: 195 [Memory.FrameTableEntry]  
	Task(1/L) is reserving free Frame(3)
Sim: 195 [Memory.FrameTableEntry]  
	Setting page of Frame(3) to Page(1:1/3)
Mod: 195 [Memory.PageFaultHandler]  
	Swapping in Page(1:1/3) for Thread(0:1/W0)
Sim: 195 [FileSys.OpenFile]  
	System call read(Openfile(0:1/0),Block(1),Page(1:1/3),Thread(0:1/W0))
Sim: 195 [Threads.ThreadCB]  
	Entering suspend(Thread(0:1/W0),SystemEvent(FileRead))
Mod: 195 [Threads.ThreadCB]  
	Entering suspend(Thread(0:1/W0),SystemEvent(FileRead))
Sim: 195 [Threads.ThreadCB]  
	Leaving suspend(Thread(0:1/W1),SystemEvent(FileRead))
Mod: 195 [FileSys.OpenFile]  
	Creating IORB(Id(3),Device(0),Page(1:1/3),Diskblock(1),FileRead,Openfile(0:1/0),Thread(0:1/W1))
Sim: 195 [Hardware.Disk]  
	Enqueueing IORB(Id(3),Device(0),Page(1:1/3),Diskblock(1),FileRead,Openfile(0:1/0),Thread(0:1/W1))
Sim: 195 [Hardware.Disk]  
	Thread(0:1/W1) requests to enqueue IORB(Id(3),Device(0),Page(1:1/3),Diskblock(1),FileRead,Openfile(0:1/0),Thread(0:1/W1))
Mod: 195 [Hardware.Disk]  
	Entering do_enqueueIORB for IORB(Id(3),Device(0),Page(1:1/3),Diskblock(1),FileRead,Openfile(0:1/0),Thread(0:1/W1))
	Locking Page(1:1/3)
Sim: 195 [Memory.PageTableEntry]  
	Entering lock(Page(1:1/3),IORB(Id(3),Device(0),Page(1:1/3),Diskblock(1),FileRead,Openfile(0:1/0),Thread(0:1/W1)))
Mod: 195 [Memory.PageTableEntry]  
	Entering do_lock(Page(1:1/3),IORB(Id(3),Device(0),Page(1:1/3),Diskblock(1),FileRead,Openfile(0:1/0),Thread(0:1/W1)))
Mod: 195 [Memory.PageTableEntry]  
	Locking Page(1:1/3) by Thread(0:1/W1)
	  This thread has already caused Page(1:1/3) to pagefault
	  No need to create a pagefault again -- returning immediately
Mod: 195 [Memory.PageTableEntry]  
	Leaving do_lock(Page(1:1/3),IORB(Id(3),Device(0),Page(1:1/3),Diskblock(1),FileRead,Openfile(0:1/0),Thread(0:1/W1)))
Sim: 195 [Memory.PageTableEntry]  
	Leaving lock(Page(1:1/3),IORB(Id(3),Device(0),Page(1:1/3),Diskblock(1),FileRead,Openfile(0:1/0),Thread(0:1/W1)))
Mod: 195 [Hardware.Disk]  
	Device 0 is idle -- starting IORB(Id(3),Device(0),Page(1:1/3),Diskblock(1),FileRead,Openfile(0:1/0),Thread(0:1/W1))
Sim: 195 [Hardware.Disk]  
	Starting I/O for IORB 3, which will take 30 ticks
	  IORB(Id(3),Device(0),Page(1:1/3),Diskblock(1),FileRead,Openfile(0:1/0),Thread(0:1/W1))
Sim: 195 [Hardware.Disk]  
	After enqueueing IORB(Id(3),Device(0),Page(1:1/3),Diskblock(1),FileRead,Openfile(0:1/0),Thread(0:1/W1)):
	  Incrementing IORB count for Openfile(0:1/0) iorbCount = 1, the OSP value = 0
Sim: 195 [Hardware.Disk]  
	Leaving enqueueIORB(IORB(Id(3),Device(0),Page(1:1/3),Diskblock(1),FileRead,Openfile(0:1/0),Thread(0:1/W1)))
Mod: 195 [FileSys.OpenFile]  
	Thread(0:1/W1) is suspended on IORB(Id(3),Device(0),Page(1:1/3),Diskblock(1),FileRead,Openfile(0:1/0),Thread(0:1/W1))
Sim: 195 [Threads.ThreadCB]  
	Entering suspend(Thread(0:1/W1),IORB(Id(3),Device(0),Page(1:1/3),Diskblock(1),FileRead,Openfile(0:1/0),Thread(0:1/W1)))
Mod: 195 [Threads.ThreadCB]  
	Entering suspend(Thread(0:1/W1),IORB(Id(3),Device(0),Page(1:1/3),Diskblock(1),FileRead,Openfile(0:1/0),Thread(0:1/W1)))
Sim: 195 [IFLModules.ThreadCB]  
	Entering dispatch(); current running thread is null
Mod: 195 [Threads.ThreadCB]  
	Can't find suitable thread to dispatch
Sim: 195 [IFLModules.ThreadCB]  
	After do_dispatch(): CPU is idle and the ready queue is empty
Sim: 195 [IFLModules.ThreadCB]  
	Leaving dispatch()
Sim: 225 [d.c]  
	Disk interrupt for IORB(Id(3),Device(0),Page(1:1/3),Diskblock(1),FileRead,Openfile(0:1/0),Thread(0:1/W2))
Mod: 225 [d.c]  
	Entering do_handleInterrupt()
Mod: 225 [d.c]  
	Disk I/O for IORB(Id(3),Device(0),Page(1:1/3),Diskblock(1),FileRead,Openfile(0:1/0),Thread(0:1/W2)) completes
Sim: 225 [Memory.PageTableEntry]  
	Unlocking Page(1:1/3). New lock count: 0
Sim: 225 [Threads.ThreadCB]  
	Entering resume(Thread(0:1/W2))
Mod: 225 [Threads.ThreadCB]  
	Resuming Thread(0:1/W2)
Sim: 225 [Threads.ThreadCB]  
	Leaving resume(Thread(0:1/W1))
Mod: 225 [Hardware.Disk]  
	Device(0) has no pending IORBs to dequeue
Mod: 225 [d.c]  
	Leaving do_handleInterrupt()
Sim: 225 [d.c]  
	After handling disk interrupt for IORB(Id(3),Device(0),Page(1:1/3),Diskblock(1),FileRead,Openfile(0:1/0),Thread(0:1/W1)):
	  Decrementing IORB count for Openfile(0:1/0) iorbCount = 0, the OSP value = 0
Sim: 225 [d.c]  
	Leaving handleInterrupt()
Sim: 225 [Threads.ThreadCB]  
	Leaving suspend(Thread(0:1/W1),IORB(Id(3),Device(0),Page(1:1/3),Diskblock(1),FileRead,Openfile(0:1/0),Thread(0:1/W1)))
Mod: 225 [FileSys.OpenFile]  
	Thread(0:1/W1) is resumed after IORB(Id(3),Device(0),Page(1:1/3),Diskblock(1),FileRead,Openfile(0:1/0),Thread(0:1/W1)) has been processed
Sim: 225 [Threads.ThreadCB]  
	Entering resume(Thread(0:1/W1))
Mod: 225 [Threads.ThreadCB]  
	Resuming Thread(0:1/W1)
Sim: 225 [Threads.ThreadCB]  
	Leaving resume(Thread(0:1/W0))
Sim: 225 [IFLModules.FileSys]  
	System call read(Openfile(0:1/0),Device(0),Thread(0:1/W0)) succeeded, as expected
Mod: 225 [Memory.PageFaultHandler]  
	Swap-in completes for Thread(0:1/W0), Page(1:1/3)
Sim: 225 [Memory.PageTableEntry]  
	Page(1:1/3) becomes valid
Sim: 225 [Memory.FrameTableEntry]  
	Task(1/L) is unreserving Frame(3)
Sim: 225 [Memory.PageTableEntry]  
	Setting validating thread for Page(1:1/3) to null
Mod: 225 [Memory.PageFaultHandler]  
	Unreserving frame Frame(2)
Sim: 225 [Memory.FrameTableEntry]  
	Task(1/L) is unreserving Frame(2)
Sim: 225 [Memory.PageTableEntry]  
	Setting validating thread for Page(11:1/2) to null
Mod: 225 [Memory.PageFaultHandler]  
	Notifying threads that pagefault for Page(11:1/2) is finished
Mod: 225 [Memory.PageFaultHandler]  
	Leaving do_handlePageFault(Page(11:1/2)): SUCCESS
Sim: 225 [Threads.ThreadCB]  
	Entering resume(Thread(0:1/W0))
Mod: 225 [Threads.ThreadCB]  
	Resuming Thread(0:1/W0)
Sim: 225 [Threads.ThreadCB]  
	Leaving resume(Thread(0:1/RD))
Sim: 225 [IFLModules.PageFaultHandler]  
	Leaving handlePageFault(Thread(0:1/RD),MemoryRead,Page(11:1/2))
Mod: 225 [Memory.MMU]  
	Page(11:1/2) is still valid after pagefault
Mod: 225 [Memory.MMU]  
	Leaving do_refer()
Sim: 225 [IFLModules.ThreadCB]  
	Entering dispatch(); current running thread is null
Mod: 225 [Threads.ThreadCB]  
	Dispatching Thread(0:1/RU)
Sim: 225 [IFLModules.ThreadCB]  
	Dispatching Thread(0:1/RU)
Sim: 225 [IFLModules.ThreadCB]  
	Leaving dispatch()
Sim: 325 [IFLModules.MMU]  
	Call: MMU.refer(Address(44693),MemoryRead,Thread(0:1/RU))
	  [Page(43:1/null),null,ValidFlag(OSP)=false,ValidFlag(Student)=false,ValidatingThread=null]
Mod: 325 [Memory.MMU]  
	Referencing main memory address 44693, Page(43:1/null), MemoryRead
Mod: 325 [Memory.MMU]  
	Page(43:1/null) is invalid
Sim: 325 [IFLModules.PageFaultHandler]  
	Pagefault handler entered for: Page(43:1/null),MemoryRead,Thread(0:1/RU)
Mod: 325 [Memory.PageFaultHandler]  
	Entering do_handlePageFault(): Thread(0:1/RU),MemoryRead,Page(43:1/null); validating thread=Thread(0:1/RU)
Sim: 325 [Threads.ThreadCB]  
	Entering suspend(Thread(0:1/RU),SystemEvent(PageFault))
Mod: 325 [Threads.ThreadCB]  
	Entering suspend(Thread(0:1/RU),SystemEvent(PageFault))
Sim: 325 [Threads.ThreadCB]  
	Leaving suspend(Thread(0:1/W0),SystemEvent(PageFault))
Mod: 325 [Memory.PageFaultHandler]  
	Looking for free frame
Mod: 325 [Memory.PageFaultHandler]  
	Found free Frame(4), which is unlocked, not reserved, and clean
Mod: 325 [Memory.PageFaultHandler]  
	Thread(0:1/W0) is reserving Frame(4)
Sim: 325 [Memory.FrameTableEntry]  
	Task(1/L) is reserving free Frame(4)
Sim: 325 [Memory.PageTableEntry]  
	Setting validating thread for Page(43:1/null) to Thread(0:1/W0)
Sim: 325 [Memory.FrameTableEntry]  
	Setting page of Frame(4) to Page(43:1/4)
Mod: 325 [Memory.PageFaultHandler]  
	Swapping in Page(43:1/4) for Thread(0:1/W0)
Sim: 325 [FileSys.OpenFile]  
	System call read(Openfile(0:1/0),Block(43),Page(43:1/4),Thread(0:1/W0))
Sim: 325 [Threads.ThreadCB]  
	Entering suspend(Thread(0:1/W0),SystemEvent(FileRead))
Mod: 325 [Threads.ThreadCB]  
	Entering suspend(Thread(0:1/W0),SystemEvent(FileRead))
Sim: 325 [Threads.ThreadCB]  
	Leaving suspend(Thread(0:1/W1),SystemEvent(FileRead))
Mod: 325 [FileSys.OpenFile]  
	Creating IORB(Id(4),Device(0),Page(43:1/4),Diskblock(43),FileRead,Openfile(0:1/0),Thread(0:1/W1))
Sim: 325 [Hardware.Disk]  
	Enqueueing IORB(Id(4),Device(0),Page(43:1/4),Diskblock(43),FileRead,Openfile(0:1/0),Thread(0:1/W1))
Sim: 325 [Hardware.Disk]  
	Thread(0:1/W1) requests to enqueue IORB(Id(4),Device(0),Page(43:1/4),Diskblock(43),FileRead,Openfile(0:1/0),Thread(0:1/W1))
Mod: 325 [Hardware.Disk]  
	Entering do_enqueueIORB for IORB(Id(4),Device(0),Page(43:1/4),Diskblock(43),FileRead,Openfile(0:1/0),Thread(0:1/W1))
	Locking Page(43:1/4)
Sim: 325 [Memory.PageTableEntry]  
	Entering lock(Page(43:1/4),IORB(Id(4),Device(0),Page(43:1/4),Diskblock(43),FileRead,Openfile(0:1/0),Thread(0:1/W1)))
Mod: 325 [Memory.PageTableEntry]  
	Entering do_lock(Page(43:1/4),IORB(Id(4),Device(0),Page(43:1/4),Diskblock(43),FileRead,Openfile(0:1/0),Thread(0:1/W1)))
Mod: 325 [Memory.PageTableEntry]  
	Locking Page(43:1/4) by Thread(0:1/W1)
	  This thread has already caused Page(43:1/4) to pagefault
	  No need to create a pagefault again -- returning immediately
Mod: 325 [Memory.PageTableEntry]  
	Leaving do_lock(Page(43:1/4),IORB(Id(4),Device(0),Page(43:1/4),Diskblock(43),FileRead,Openfile(0:1/0),Thread(0:1/W1)))
Sim: 325 [Memory.PageTableEntry]  
	Leaving lock(Page(43:1/4),IORB(Id(4),Device(0),Page(43:1/4),Diskblock(43),FileRead,Openfile(0:1/0),Thread(0:1/W1)))
Mod: 325 [Hardware.Disk]  
	Device 0 is idle -- starting IORB(Id(4),Device(0),Page(43:1/4),Diskblock(43),FileRead,Openfile(0:1/0),Thread(0:1/W1))
Sim: 325 [Hardware.Disk]  
	Starting I/O for IORB 4, which will take 75 ticks
	  IORB(Id(4),Device(0),Page(43:1/4),Diskblock(43),FileRead,Openfile(0:1/0),Thread(0:1/W1))
Sim: 325 [Hardware.Disk]  
	After enqueueing IORB(Id(4),Device(0),Page(43:1/4),Diskblock(43),FileRead,Openfile(0:1/0),Thread(0:1/W1)):
	  Incrementing IORB count for Openfile(0:1/0) iorbCount = 1, the OSP value = 0
Sim: 325 [Hardware.Disk]  
	Leaving enqueueIORB(IORB(Id(4),Device(0),Page(43:1/4),Diskblock(43),FileRead,Openfile(0:1/0),Thread(0:1/W1)))
Mod: 325 [FileSys.OpenFile]  
	Thread(0:1/W1) is suspended on IORB(Id(4),Device(0),Page(43:1/4),Diskblock(43),FileRead,Openfile(0:1/0),Thread(0:1/W1))
Sim: 325 [Threads.ThreadCB]  
	Entering suspend(Thread(0:1/W1),IORB(Id(4),Device(0),Page(43:1/4),Diskblock(43),FileRead,Openfile(0:1/0),Thread(0:1/W1)))
Mod: 325 [Threads.ThreadCB]  
	Entering suspend(Thread(0:1/W1),IORB(Id(4),Device(0),Page(43:1/4),Diskblock(43),FileRead,Openfile(0:1/0),Thread(0:1/W1)))
Sim: 325 [IFLModules.ThreadCB]  
	Entering dispatch(); current running thread is null
Mod: 325 [Threads.ThreadCB]  
	Can't find suitable thread to dispatch
Sim: 325 [IFLModules.ThreadCB]  
	After do_dispatch(): CPU is idle and the ready queue is empty
Sim: 325 [IFLModules.ThreadCB]  
	Leaving dispatch()
Sim: 375 [Threads.TimerInterruptHandler]  
	Timer interrupt
Sim: 375 [IFLModules.ThreadCB]  
	Entering dispatch(); current running thread is null
Mod: 375 [Threads.ThreadCB]  
	Can't find suitable thread to dispatch
Sim: 375 [IFLModules.ThreadCB]  
	After do_dispatch(): CPU is idle and the ready queue is empty
Sim: 375 [IFLModules.ThreadCB]  
	Leaving dispatch()
Sim: 400 [d.c]  
	Disk interrupt for IORB(Id(4),Device(0),Page(43:1/4),Diskblock(43),FileRead,Openfile(0:1/0),Thread(0:1/W2))
Mod: 400 [d.c]  
	Entering do_handleInterrupt()
Mod: 400 [d.c]  
	Disk I/O for IORB(Id(4),Device(0),Page(43:1/4),Diskblock(43),FileRead,Openfile(0:1/0),Thread(0:1/W2)) completes
Sim: 400 [Memory.PageTableEntry]  
	Unlocking Page(43:1/4). New lock count: 0
Sim: 400 [Threads.ThreadCB]  
	Entering resume(Thread(0:1/W2))
Mod: 400 [Threads.ThreadCB]  
	Resuming Thread(0:1/W2)
Sim: 400 [Threads.ThreadCB]  
	Leaving resume(Thread(0:1/W1))
Mod: 400 [Hardware.Disk]  
	Device(0) has no pending IORBs to dequeue
Mod: 400 [d.c]  
	Leaving do_handleInterrupt()
Sim: 400 [d.c]  
	After handling disk interrupt for IORB(Id(4),Device(0),Page(43:1/4),Diskblock(43),FileRead,Openfile(0:1/0),Thread(0:1/W1)):
	  Decrementing IORB count for Openfile(0:1/0) iorbCount = 0, the OSP value = 0
Sim: 400 [d.c]  
	Leaving handleInterrupt()
Sim: 400 [Threads.ThreadCB]  
	Leaving suspend(Thread(0:1/W1),IORB(Id(4),Device(0),Page(43:1/4),Diskblock(43),FileRead,Openfile(0:1/0),Thread(0:1/W1)))
Mod: 400 [FileSys.OpenFile]  
	Thread(0:1/W1) is resumed after IORB(Id(4),Device(0),Page(43:1/4),Diskblock(43),FileRead,Openfile(0:1/0),Thread(0:1/W1)) has been processed
Sim: 400 [Threads.ThreadCB]  
	Entering resume(Thread(0:1/W1))
Mod: 400 [Threads.ThreadCB]  
	Resuming Thread(0:1/W1)
Sim: 400 [Threads.ThreadCB]  
	Leaving resume(Thread(0:1/W0))
Sim: 400 [IFLModules.FileSys]  
	System call read(Openfile(0:1/0),Device(0),Thread(0:1/W0)) succeeded, as expected
Mod: 400 [Memory.PageFaultHandler]  
	Swap-in completes for Thread(0:1/W0), Page(43:1/4)
Sim: 400 [Memory.PageTableEntry]  
	Page(43:1/4) becomes valid
Mod: 400 [Memory.PageFaultHandler]  
	Prepaging Page(2:1/null) for Thread(0:1/W0)
Mod: 400 [Memory.PageFaultHandler]  
	Looking for free frame
Mod: 400 [Memory.PageFaultHandler]  
	Found free Frame(5), which is unlocked, not reserved, and clean
Sim: 400 [Memory.PageTableEntry]  
	Setting validating thread for Page(2:1/null) to Thread(0:1/W0)
Sim: 400 [Memory.FrameTableEntry]  
	Task(1/L) is reserving free Frame(5)
Sim: 400 [Memory.FrameTableEntry]  
	Setting page of Frame(5) to Page(2:1/5)
Mod: 400 [Memory.PageFaultHandler]  
	Swapping in Page(2:1/5) for Thread(0:1/W0)
Sim: 400 [FileSys.OpenFile]  
	System call read(Openfile(0:1/0),Block(2),Page(2:1/5),Thread(0:1/W0))
Sim: 400 [Threads.ThreadCB]  
	Entering suspend(Thread(0:1/W0),SystemEvent(FileRead))
Mod: 400 [Threads.ThreadCB]  
	Entering suspend(Thread(0:1/W0),SystemEvent(FileRead))
Sim: 400 [Threads.ThreadCB]  
	Leaving suspend(Thread(0:1/W1),SystemEvent(FileRead))
Mod: 400 [FileSys.OpenFile]  
	Creating IORB(Id(5),Device(0),Page(2:1/5),Diskblock(2),FileRead,Openfile(0:1/0),Thread(0:1/W1))
Sim: 400 [Hardware.Disk]  
	Enqueueing IORB(Id(5),Device(0),Page(2:1/5),Diskblock(2),FileRead,Openfile(0:1/0),Thread(0:1/W1))
Sim: 400 [Hardware.Disk]  
	Thread(0:1/W1) requests to enqueue IORB(Id(5),Device(0),Page(2:1/5),Diskblock(2),FileRead,Openfile(0:1/0),Thread(0:1/W1))
Mod: 400 [Hardware.Disk]  
	Entering do_enqueueIORB for IORB(Id(5),Device(0),Page(2:1/5),Diskblock(2),FileRead,Openfile(0:1/0),Thread(0:1/W1))
	Locking Page(2:1/5)
Sim: 400 [Memory.PageTableEntry]  
	Entering lock(Page(2:1/5),IORB(Id(5),Device(0),Page(2:1/5),Diskblock(2),FileRead,Openfile(0:1/0),Thread(0:1/W1)))
Mod: 400 [Memory.PageTableEntry]  
	Entering do_lock(Page(2:1/5),IORB(Id(5),Device(0),Page(2:1/5),Diskblock(2),FileRead,Openfile(0:1/0),Thread(0:1/W1)))
Mod: 400 [Memory.PageTableEntry]  
	Locking Page(2:1/5) by Thread(0:1/W1)
	  This thread has already caused Page(2:1/5) to pagefault
	  No need to create a pagefault again -- returning immediately
Mod: 400 [Memory.PageTableEntry]  
	Leaving do_lock(Page(2:1/5),IORB(Id(5),Device(0),Page(2:1/5),Diskblock(2),FileRead,Openfile(0:1/0),Thread(0:1/W1)))
Sim: 400 [Memory.PageTableEntry]  
	Leaving lock(Page(2:1/5),IORB(Id(5),Device(0),Page(2:1/5),Diskblock(2),FileRead,Openfile(0:1/0),Thread(0:1/W1)))
Mod: 400 [Hardware.Disk]  
	Device 0 is idle -- starting IORB(Id(5),Device(0),Page(2:1/5),Diskblock(2),FileRead,Openfile(0:1/0),Thread(0:1/W1))
Sim: 400 [Hardware.Disk]  
	Starting I/O for IORB 5, which will take 45 ticks
	  IORB(Id(5),Device(0),Page(2:1/5),Diskblock(2),FileRead,Openfile(0:1/0),Thread(0:1/W1))
Sim: 400 [Hardware.Disk]  
	After enqueueing IORB(Id(5),Device(0),Page(2:1/5),Diskblock(2),FileRead,Openfile(0:1/0),Thread(0:1/W1)):
	  Incrementing IORB count for Openfile(0:1/0) iorbCount = 1, the OSP value = 0
Sim: 400 [Hardware.Disk]  
	Leaving enqueueIORB(IORB(Id(5),Device(0),Page(2:1/5),Diskblock(2),FileRead,Openfile(0:1/0),Thread(0:1/W1)))
Mod: 400 [FileSys.OpenFile]  
	Thread(0:1/W1) is suspended on IORB(Id(5),Device(0),Page(2:1/5),Diskblock(2),FileRead,Openfile(0:1/0),Thread(0:1/W1))
Sim: 400 [Threads.ThreadCB]  
	Entering suspend(Thread(0:1/W1),IORB(Id(5),Device(0),Page(2:1/5),Diskblock(2),FileRead,Openfile(0:1/0),Thread(0:1/W1)))
Mod: 400 [Threads.ThreadCB]  
	Entering suspend(Thread(0:1/W1),IORB(Id(5),Device(0),Page(2:1/5),Diskblock(2),FileRead,Openfile(0:1/0),Thread(0:1/W1)))
Sim: 400 [IFLModules.ThreadCB]  
	Entering dispatch(); current running thread is null
Mod: 400 [Threads.ThreadCB]  
	Can't find suitable thread to dispatch
Sim: 400 [IFLModules.ThreadCB]  
	After do_dispatch(): CPU is idle and the ready queue is empty
Sim: 400 [IFLModules.ThreadCB]  
	Leaving dispatch()
Sim: 445 [d.c]  
	Disk interrupt for IORB(Id(5),Device(0),Page(2:1/5),Diskblock(2),FileRead,Openfile(0:1/0),Thread(0:1/W2))
Mod: 445 [d.c]  
	Entering do_handleInterrupt()
Mod: 445 [d.c]  
	Disk I/O for IORB(Id(5),Device(0),Page(2:1/5),Diskblock(2),FileRead,Openfile(0:1/0),Thread(0:1/W2)) completes
Sim: 445 [Memory.PageTableEntry]  
	Unlocking Page(2:1/5). New lock count: 0
Sim: 445 [Threads.ThreadCB]  
	Entering resume(Thread(0:1/W2))
Mod: 445 [Threads.ThreadCB]  
	Resuming Thread(0:1/W2)
Sim: 445 [Threads.ThreadCB]  
	Leaving resume(Thread(0:1/W1))
Mod: 445 [Hardware.Disk]  
	Device(0) has no pending IORBs to dequeue
Mod: 445 [d.c]  
	Leaving do_handleInterrupt()
Sim: 445 [d.c]  
	After handling disk interrupt for IORB(Id(5),Device(0),Page(2:1/5),Diskblock(2),FileRead,Openfile(0:1/0),Thread(0:1/W1)):
	  Decrementing IORB count for Openfile(0:1/0) iorbCount = 0, the OSP value = 0
Sim: 445 [d.c]  
	Leaving handleInterrupt()
Sim: 445 [Threads.ThreadCB]  
	Leaving suspend(Thread(0:1/W1),IORB(Id(5),Device(0),Page(2:1/5),Diskblock(2),FileRead,Openfile(0:1/0),Thread(0:1/W1)))
Mod: 445 [FileSys.OpenFile]  
	Thread(0:1/W1) is resumed after IORB(Id(5),Device(0),Page(2:1/5),Diskblock(2),FileRead,Openfile(0:1/0),Thread(0:1/W1)) has been processed
Sim: 445 [Threads.ThreadCB]  
	Entering resume(Thread(0:1/W1))
Mod: 445 [Threads.ThreadCB]  
	Resuming Thread(0:1/W1)
Sim: 445 [Threads.ThreadCB]  
	Leaving resume(Thread(0:1/W0))
Sim: 445 [IFLModules.FileSys]  
	System call read(Openfile(0:1/0),Device(0),Thread(0:1/W0)) succeeded, as expected
Mod: 445 [Memory.PageFaultHandler]  
	Swap-in completes for Thread(0:1/W0), Page(2:1/5)
Sim: 445 [Memory.PageTableEntry]  
	Page(2:1/5) becomes valid
Sim: 445 [Memory.FrameTableEntry]  
	Task(1/L) is unreserving Frame(5)
Sim: 445 [Memory.PageTableEntry]  
	Setting validating thread for Page(2:1/5) to null
Mod: 445 [Memory.PageFaultHandler]  
	Unreserving frame Frame(4)
Sim: 445 [Memory.FrameTableEntry]  
	Task(1/L) is unreserving Frame(4)
Sim: 445 [Memory.PageTableEntry]  
	Setting validating thread for Page(43:1/4) to null
Mod: 445 [Memory.PageFaultHandler]  
	Notifying threads that pagefault for Page(43:1/4) is finished
Mod: 445 [Memory.PageFaultHandler]  
	Leaving do_handlePageFault(Page(43:1/4)): SUCCESS
Sim: 445 [Threads.ThreadCB]  
	Entering resume(Thread(0:1/W0))
Mod: 445 [Threads.ThreadCB]  
	Resuming Thread(0:1/W0)
Sim: 445 [Threads.ThreadCB]  
	Leaving resume(Thread(0:1/RD))
Sim: 445 [IFLModules.PageFaultHandler]  
	Leaving handlePageFault(Thread(0:1/RD),MemoryRead,Page(43:1/4))
Mod: 445 [Memory.MMU]  
	Page(43:1/4) is still valid after pagefault
Mod: 445 [Memory.MMU]  
	Leaving do_refer()
Sim: 445 [IFLModules.ThreadCB]  
	Entering dispatch(); current running thread is null
Mod: 445 [Threads.ThreadCB]  
	Dispatching Thread(0:1/RU)
Sim: 445 [IFLModules.ThreadCB]  
	Dispatching Thread(0:1/RU)
Sim: 445 [IFLModules.ThreadCB]  
	Leaving dispatch()
Sim: 531 [IFLModules.ThreadCB]  
	Trying to create new thread for Task(1/L)
Mod: 531 [Threads.ThreadCB]  
	Created Thread(1:null/NN)
Mod: 531 [Threads.ThreadCB]  
	Successfully added Thread(1:1/RD) to Task(1/L)
Sim: 531 <<Error!>> [Tasks.TaskCB]  
	After ThreadCB.do_create(Task(1/L)): Discrepancy in thread count for Task(1/L); Student value=3; OSP value=2
	  Possible cause: Failed to add/remove a thread to/from task

	at osp.IFLModules.IflTaskCB.N(IflTaskCB.java:856)
	at osp.IFLModules.a0.create(IflThreadCB.java:629)
	at osp.IFLModules.am.void(IflThreadCB.java:1682)
	at osp.a.x.b(EventCallback.java:48)
	at osp.a.s.g(EventEngObj.java:172)
	at osp.a.s.b(EventEngObj.java:157)
	at osp.a.u.s(EventDriver.java:124)
	at osp.a.t.run(EngineThread.java:60)

Sim:531 [Utilities.SnapshotTaker]  
	

[Snapshot at 531]

MEMORY:
  Free frames: 24(80%) out of 30
  Locked frames: 0 out of 30
  Reserved frames: 0 out of 30
  Referenced frames: 3 out of 30

Memory map:
|----------|------------------------------|
|Frame     |000000000011111111112222222222|
|number    |012345678901234567890123456789|
|----------|------------------------------|
|free      |      FFFFFFFFFFFFFFFFFFFFFFFF|
|lock      |000000000000000000000000000000|
|reserved  |                              |
|dirty     |D                             |
|referenced|Y Y Y                         |
|----------|------------------------------|
|          |                              |
|page      |1 1 4                         |
|number    |201132                        |
|----------|------------------------------|
|          |                              |
|owner     |                              |
|task      |111111                        |
|----------|------------------------------|


Page table for Task 1:
  Valid pages: 6 out of 64
|------|----------------------------------------------------------------|
|Page  |0000000000111111111122222222223333333333444444444455555555556666|
|number|0123456789012345678901234567890123456789012345678901234567890123|
|------|----------------------------------------------------------------|
|valid |YYY        YY                              Y                    |
|------|----------------------------------------------------------------|
|      |                                                                |
|frame |                                                                |
|number|135        20                              4                    |
|------|----------------------------------------------------------------|


DEVICES:
  Device 0: Swap Device   (mount point: /vm/)
	    Number of pages read = 6
	    Number of pages written = 0
	    Average number of cylinders swept per disk access = 1
	      Total number of cylinders swept = 8
	    Service time per I/O request: 42
	    Device queue:  Empty
  Device 1: Disk   (mount point: /etc/go/)
	    Number of pages read = 0
	    Number of pages written = 0
	    Average number of cylinders swept per disk access = 0
	      Total number of cylinders swept = 0
	    Service time per I/O request: 0
	    Device queue:  Empty
  Device 2: Disk   (mount point: /etc/)
	    Number of pages read = 0
	    Number of pages written = 0
	    Average number of cylinders swept per disk access = 0
	      Total number of cylinders swept = 0
	    Service time per I/O request: 0
	    Device queue:  Empty

TASKS and THREADS:
  CPU Utilization: 51.9774%
  Average service time per thread: 265.5
  Average normalized service time per thread: 0.2593985
  Total number of tasks: 1
  Running thread(s): Thread(0:1/RU), CPU usage 276 ticks
  Current task: Task(1/L), CPU usage 276 ticks
  Threads summary: 2 alive
  Among live threads: 1 running
                      0 suspended
                      1 ready
  ready queue = (1:1)
  running thread(s) = (0:1)
  waiting thread(s) = ()
  thread(s) in pagefault = ()
  killed thread(s) = ()

FILES:
  Total number of files: 0
  Total number of directories: 3
  Total number of open files: 0
  Device 0: 1472 out of 1536 blocks are free, 4.166669% used
  Device 1: 40 out of 40 blocks are free, 0.0% used
  Device 2: 16 out of 16 blocks are free, 0.0% used


PORTS:
  Number of Live Ports: 	0
  Number of Ports Created: 	0
  Number of Ports Destroyed: 	0
  Number of Messages Sent: 	0
  Number of Messages Received: 	0



RESOURCES:
  Total number of acquire() calls: 0
  Total number of release() calls: 0

    Resource Availability Table
|---------------|-------------------------|
|Resource Type  |0    1    2    3    4    |
|---------------|-------------------------|
|  Total        |8    8    8    6    9    |
|---------------|-------------------------|
|  Available    |8    8    8    6    9    |
|---------------|-------------------------|



    Resource Allocation Table
|------------------|-----------------------------------|
|Resource Type     |0      1      2      3      4      |
|------------------|-----------------------------------|
|------------------|-----------------------------------|




The suspended  RRBs: 


-----------------------------------------------

Sim: 531 [Utilities.Simulation]  
	Elapsed time: 0 seconds

